{
  "numFailedTestSuites": 1,
  "numFailedTests": 0,
  "numPassedTestSuites": 0,
  "numPassedTests": 0,
  "numPendingTestSuites": 0,
  "numPendingTests": 0,
  "numRuntimeErrorTestSuites": 1,
  "numTodoTests": 0,
  "numTotalTestSuites": 1,
  "numTotalTests": 0,
  "openHandles": [],
  "snapshot": {
    "added": 0,
    "didUpdate": false,
    "failure": false,
    "filesAdded": 0,
    "filesRemoved": 0,
    "filesRemovedList": [],
    "filesUnmatched": 0,
    "filesUpdated": 0,
    "matched": 0,
    "total": 0,
    "unchecked": 0,
    "uncheckedKeysByFile": [],
    "unmatched": 0,
    "updated": 0
  },
  "startTime": 1627595284113,
  "success": false,
  "testResults": [
    {
      "failureMessage": "  \u001b[1m● \u001b[22mTest suite failed to run\n\n    .presets[1] must be a string, object, function\n\n      \u001b[2mat assertPluginTarget (\u001b[22mnode_modules/@babel/core/lib/config/validation/option-assertions.js\u001b[2m:278:11)\u001b[22m\n      \u001b[2mat assertPluginItem (\u001b[22mnode_modules/@babel/core/lib/config/validation/option-assertions.js\u001b[2m:270:5)\u001b[22m\n      \u001b[2mat \u001b[22mnode_modules/@babel/core/lib/config/validation/option-assertions.js\u001b[2m:236:30\u001b[22m\n          at Array.forEach (<anonymous>)\n      \u001b[2mat assertPluginList (\u001b[22mnode_modules/@babel/core/lib/config/validation/option-assertions.js\u001b[2m:236:9)\u001b[22m\n      \u001b[2mat \u001b[22mnode_modules/@babel/core/lib/config/validation/options.js\u001b[2m:118:5\u001b[22m\n          at Array.forEach (<anonymous>)\n      \u001b[2mat validateNested (\u001b[22mnode_modules/@babel/core/lib/config/validation/options.js\u001b[2m:94:21)\u001b[22m\n      \u001b[2mat validate (\u001b[22mnode_modules/@babel/core/lib/config/validation/options.js\u001b[2m:85:10)\u001b[22m\n      \u001b[2mat \u001b[22mnode_modules/@babel/core/lib/config/config-chain.js\u001b[2m:204:34\u001b[22m\n",
      "leaks": false,
      "numFailingTests": 0,
      "numPassingTests": 0,
      "numPendingTests": 0,
      "numTodoTests": 0,
      "openHandles": [],
      "perfStats": {
        "end": 0,
        "runtime": 0,
        "slow": false,
        "start": 0
      },
      "skipped": false,
      "snapshot": {
        "added": 0,
        "fileDeleted": false,
        "matched": 0,
        "unchecked": 0,
        "uncheckedKeys": [],
        "unmatched": 0,
        "updated": 0
      },
      "testExecError": {},
      "testFilePath": "/Users/alainaayres/Desktop/prism-support-copy/src/App.test.js",
      "testResults": []
    }
  ],
  "wasInterrupted": false
}